----------------------------------------------------------------
Mon Jul 17 07:47:34 CST 2017:
Booting Derby version The Apache Software Foundation - Apache Derby - 10.10.2.0 - (1582446): instance a816c00e-015d-4dcc-cd9e-0000036ba188 
on database directory F:\IdeaProjects\HelloSpark\metastore_db with class loader org.apache.spark.sql.hive.client.IsolatedClientLoader$$anon$1@1643a960 
Loaded from file:/D:/maven/repository/org/apache/derby/derby/10.10.2.0/derby-10.10.2.0.jar
java.vendor=Oracle Corporation
java.runtime.version=1.7.0_71-b14
user.dir=F:\IdeaProjects\HelloSpark
os.name=Windows 7
os.arch=amd64
os.version=6.1
derby.system.home=null
Database Class Loader started - derby.database.classpath=''
Mon Jul 17 07:47:40 CST 2017 Thread[main,5,main] (XID = 17), (SESSIONID = 5), (DATABASE = metastore_db), (DRDAID = null), Cleanup action starting
Mon Jul 17 07:47:40 CST 2017 Thread[main,5,main] (XID = 17), (SESSIONID = 5), (DATABASE = metastore_db), (DRDAID = null), Failed Statement is: EXECUTE STATEMENT SYS."getTypeInfo"
java.lang.OutOfMemoryError: PermGen space
	at java.lang.ClassLoader.defineClass1(Native Method)
	at java.lang.ClassLoader.defineClass(ClassLoader.java:800)
	at java.security.SecureClassLoader.defineClass(SecureClassLoader.java:142)
	at java.net.URLClassLoader.defineClass(URLClassLoader.java:449)
	at java.net.URLClassLoader.access$100(URLClassLoader.java:71)
	at java.net.URLClassLoader$1.run(URLClassLoader.java:361)
	at java.net.URLClassLoader$1.run(URLClassLoader.java:355)
	at java.security.AccessController.doPrivileged(Native Method)
	at java.net.URLClassLoader.findClass(URLClassLoader.java:354)
	at java.lang.ClassLoader.loadClass(ClassLoader.java:425)
	at org.apache.spark.sql.hive.client.IsolatedClientLoader$$anon$1.doLoadClass(IsolatedClientLoader.scala:212)
	at org.apache.spark.sql.hive.client.IsolatedClientLoader$$anon$1.loadClass(IsolatedClientLoader.scala:201)
	at java.lang.ClassLoader.loadClass(ClassLoader.java:358)
	at org.apache.derby.impl.sql.compile.ParserImpl.getParser(Unknown Source)
	at org.apache.derby.impl.sql.compile.ParserImpl.parseStatement(Unknown Source)
	at org.apache.derby.impl.sql.GenericStatement.prepMinion(Unknown Source)
	at org.apache.derby.impl.sql.GenericStatement.prepare(Unknown Source)
	at org.apache.derby.impl.sql.conn.GenericLanguageConnectionContext.prepareInternalStatement(Unknown Source)
	at org.apache.derby.impl.jdbc.EmbedPreparedStatement.<init>(Unknown Source)
	at org.apache.derby.impl.jdbc.EmbedPreparedStatement20.<init>(Unknown Source)
	at org.apache.derby.impl.jdbc.EmbedPreparedStatement30.<init>(Unknown Source)
	at org.apache.derby.impl.jdbc.EmbedPreparedStatement40.<init>(Unknown Source)
	at org.apache.derby.jdbc.Driver40.newEmbedPreparedStatement(Unknown Source)
	at org.apache.derby.impl.jdbc.EmbedConnection.prepareMetaDataStatement(Unknown Source)
	at org.apache.derby.impl.jdbc.EmbedDatabaseMetaData.prepareSPS(Unknown Source)
	at org.apache.derby.impl.jdbc.EmbedDatabaseMetaData.getPreparedQueryUsingSystemTables(Unknown Source)
	at org.apache.derby.impl.jdbc.EmbedDatabaseMetaData.getPreparedQuery(Unknown Source)
	at org.apache.derby.impl.jdbc.EmbedDatabaseMetaData.getPreparedQuery(Unknown Source)
	at org.apache.derby.impl.jdbc.EmbedDatabaseMetaData.getTypeInfoMinion(Unknown Source)
	at org.apache.derby.impl.jdbc.EmbedDatabaseMetaData.getTypeInfo(Unknown Source)
	at org.datanucleus.store.rdbms.schema.RDBMSSchemaHandler.getRDBMSTypesInfo(RDBMSSchemaHandler.java:358)
	at org.datanucleus.store.rdbms.schema.RDBMSSchemaHandler.getSchemaData(RDBMSSchemaHandler.java:166)
Cleanup action completed
Mon Jul 17 07:47:40 CST 2017 Thread[main,5,main] (XID = 26), (SESSIONID = 13), (DATABASE = metastore_db), (DRDAID = null), Cleanup action starting
Mon Jul 17 07:47:41 CST 2017 Thread[main,5,main] (XID = 26), (SESSIONID = 13), (DATABASE = metastore_db), (DRDAID = null), Failed Statement is: EXECUTE STATEMENT SYS."getTypeInfo"
java.lang.OutOfMemoryError: PermGen space
	at java.lang.ClassLoader.defineClass1(Native Method)
	at java.lang.ClassLoader.defineClass(ClassLoader.java:800)
	at java.security.SecureClassLoader.defineClass(SecureClassLoader.java:142)
	at java.net.URLClassLoader.defineClass(URLClassLoader.java:449)
	at java.net.URLClassLoader.access$100(URLClassLoader.java:71)
	at java.net.URLClassLoader$1.run(URLClassLoader.java:361)
	at java.net.URLClassLoader$1.run(URLClassLoader.java:355)
	at java.security.AccessController.doPrivileged(Native Method)
	at java.net.URLClassLoader.findClass(URLClassLoader.java:354)
	at java.lang.ClassLoader.loadClass(ClassLoader.java:425)
	at org.apache.spark.sql.hive.client.IsolatedClientLoader$$anon$1.doLoadClass(IsolatedClientLoader.scala:212)
	at org.apache.spark.sql.hive.client.IsolatedClientLoader$$anon$1.loadClass(IsolatedClientLoader.scala:201)
	at java.lang.ClassLoader.loadClass(ClassLoader.java:358)
	at org.apache.derby.impl.sql.compile.ParserImpl.getParser(Unknown Source)
	at org.apache.derby.impl.sql.compile.ParserImpl.parseStatement(Unknown Source)
	at org.apache.derby.impl.sql.GenericStatement.prepMinion(Unknown Source)
	at org.apache.derby.impl.sql.GenericStatement.prepare(Unknown Source)
	at org.apache.derby.impl.sql.conn.GenericLanguageConnectionContext.prepareInternalStatement(Unknown Source)
	at org.apache.derby.impl.jdbc.EmbedPreparedStatement.<init>(Unknown Source)
	at org.apache.derby.impl.jdbc.EmbedPreparedStatement20.<init>(Unknown Source)
	at org.apache.derby.impl.jdbc.EmbedPreparedStatement30.<init>(Unknown Source)
	at org.apache.derby.impl.jdbc.EmbedPreparedStatement40.<init>(Unknown Source)
	at org.apache.derby.jdbc.Driver40.newEmbedPreparedStatement(Unknown Source)
	at org.apache.derby.impl.jdbc.EmbedConnection.prepareMetaDataStatement(Unknown Source)
	at org.apache.derby.impl.jdbc.EmbedDatabaseMetaData.prepareSPS(Unknown Source)
	at org.apache.derby.impl.jdbc.EmbedDatabaseMetaData.getPreparedQueryUsingSystemTables(Unknown Source)
	at org.apache.derby.impl.jdbc.EmbedDatabaseMetaData.getPreparedQuery(Unknown Source)
	at org.apache.derby.impl.jdbc.EmbedDatabaseMetaData.getPreparedQuery(Unknown Source)
	at org.apache.derby.impl.jdbc.EmbedDatabaseMetaData.getTypeInfoMinion(Unknown Source)
	at org.apache.derby.impl.jdbc.EmbedDatabaseMetaData.getTypeInfo(Unknown Source)
	at org.datanucleus.store.rdbms.schema.RDBMSSchemaHandler.getRDBMSTypesInfo(RDBMSSchemaHandler.java:358)
	at org.datanucleus.store.rdbms.schema.RDBMSSchemaHandler.getSchemaData(RDBMSSchemaHandler.java:166)
Cleanup action completed
Mon Jul 17 07:47:41 CST 2017 Thread[main,5,main] (XID = 35), (SESSIONID = 21), (DATABASE = metastore_db), (DRDAID = null), Cleanup action starting
Mon Jul 17 07:47:41 CST 2017 Thread[main,5,main] (XID = 35), (SESSIONID = 21), (DATABASE = metastore_db), (DRDAID = null), Failed Statement is: EXECUTE STATEMENT SYS."getTypeInfo"
java.lang.OutOfMemoryError: PermGen space
	at java.lang.ClassLoader.defineClass1(Native Method)
	at java.lang.ClassLoader.defineClass(ClassLoader.java:800)
	at java.security.SecureClassLoader.defineClass(SecureClassLoader.java:142)
	at java.net.URLClassLoader.defineClass(URLClassLoader.java:449)
	at java.net.URLClassLoader.access$100(URLClassLoader.java:71)
	at java.net.URLClassLoader$1.run(URLClassLoader.java:361)
	at java.net.URLClassLoader$1.run(URLClassLoader.java:355)
	at java.security.AccessController.doPrivileged(Native Method)
	at java.net.URLClassLoader.findClass(URLClassLoader.java:354)
	at java.lang.ClassLoader.loadClass(ClassLoader.java:425)
	at org.apache.spark.sql.hive.client.IsolatedClientLoader$$anon$1.doLoadClass(IsolatedClientLoader.scala:212)
	at org.apache.spark.sql.hive.client.IsolatedClientLoader$$anon$1.loadClass(IsolatedClientLoader.scala:201)
	at java.lang.ClassLoader.loadClass(ClassLoader.java:358)
	at org.apache.derby.impl.sql.compile.ParserImpl.getParser(Unknown Source)
	at org.apache.derby.impl.sql.compile.ParserImpl.parseStatement(Unknown Source)
	at org.apache.derby.impl.sql.GenericStatement.prepMinion(Unknown Source)
	at org.apache.derby.impl.sql.GenericStatement.prepare(Unknown Source)
	at org.apache.derby.impl.sql.conn.GenericLanguageConnectionContext.prepareInternalStatement(Unknown Source)
	at org.apache.derby.impl.jdbc.EmbedPreparedStatement.<init>(Unknown Source)
	at org.apache.derby.impl.jdbc.EmbedPreparedStatement20.<init>(Unknown Source)
	at org.apache.derby.impl.jdbc.EmbedPreparedStatement30.<init>(Unknown Source)
	at org.apache.derby.impl.jdbc.EmbedPreparedStatement40.<init>(Unknown Source)
	at org.apache.derby.jdbc.Driver40.newEmbedPreparedStatement(Unknown Source)
	at org.apache.derby.impl.jdbc.EmbedConnection.prepareMetaDataStatement(Unknown Source)
	at org.apache.derby.impl.jdbc.EmbedDatabaseMetaData.prepareSPS(Unknown Source)
	at org.apache.derby.impl.jdbc.EmbedDatabaseMetaData.getPreparedQueryUsingSystemTables(Unknown Source)
	at org.apache.derby.impl.jdbc.EmbedDatabaseMetaData.getPreparedQuery(Unknown Source)
	at org.apache.derby.impl.jdbc.EmbedDatabaseMetaData.getPreparedQuery(Unknown Source)
	at org.apache.derby.impl.jdbc.EmbedDatabaseMetaData.getTypeInfoMinion(Unknown Source)
	at org.apache.derby.impl.jdbc.EmbedDatabaseMetaData.getTypeInfo(Unknown Source)
	at org.datanucleus.store.rdbms.schema.RDBMSSchemaHandler.getRDBMSTypesInfo(RDBMSSchemaHandler.java:358)
	at org.datanucleus.store.rdbms.schema.RDBMSSchemaHandler.getSchemaData(RDBMSSchemaHandler.java:166)
Cleanup action completed
Mon Jul 17 07:47:41 CST 2017 Thread[main,5,main] (XID = 44), (SESSIONID = 29), (DATABASE = metastore_db), (DRDAID = null), Cleanup action starting
Mon Jul 17 07:47:41 CST 2017 Thread[main,5,main] (XID = 44), (SESSIONID = 29), (DATABASE = metastore_db), (DRDAID = null), Failed Statement is: EXECUTE STATEMENT SYS."getTypeInfo"
java.lang.OutOfMemoryError: PermGen space
	at java.lang.ClassLoader.defineClass1(Native Method)
	at java.lang.ClassLoader.defineClass(ClassLoader.java:800)
	at java.security.SecureClassLoader.defineClass(SecureClassLoader.java:142)
	at java.net.URLClassLoader.defineClass(URLClassLoader.java:449)
	at java.net.URLClassLoader.access$100(URLClassLoader.java:71)
	at java.net.URLClassLoader$1.run(URLClassLoader.java:361)
	at java.net.URLClassLoader$1.run(URLClassLoader.java:355)
	at java.security.AccessController.doPrivileged(Native Method)
	at java.net.URLClassLoader.findClass(URLClassLoader.java:354)
	at java.lang.ClassLoader.loadClass(ClassLoader.java:425)
	at org.apache.spark.sql.hive.client.IsolatedClientLoader$$anon$1.doLoadClass(IsolatedClientLoader.scala:212)
	at org.apache.spark.sql.hive.client.IsolatedClientLoader$$anon$1.loadClass(IsolatedClientLoader.scala:201)
	at java.lang.ClassLoader.loadClass(ClassLoader.java:358)
	at org.apache.derby.impl.sql.compile.ParserImpl.getParser(Unknown Source)
	at org.apache.derby.impl.sql.compile.ParserImpl.parseStatement(Unknown Source)
	at org.apache.derby.impl.sql.GenericStatement.prepMinion(Unknown Source)
	at org.apache.derby.impl.sql.GenericStatement.prepare(Unknown Source)
	at org.apache.derby.impl.sql.conn.GenericLanguageConnectionContext.prepareInternalStatement(Unknown Source)
	at org.apache.derby.impl.jdbc.EmbedPreparedStatement.<init>(Unknown Source)
	at org.apache.derby.impl.jdbc.EmbedPreparedStatement20.<init>(Unknown Source)
	at org.apache.derby.impl.jdbc.EmbedPreparedStatement30.<init>(Unknown Source)
	at org.apache.derby.impl.jdbc.EmbedPreparedStatement40.<init>(Unknown Source)
	at org.apache.derby.jdbc.Driver40.newEmbedPreparedStatement(Unknown Source)
	at org.apache.derby.impl.jdbc.EmbedConnection.prepareMetaDataStatement(Unknown Source)
	at org.apache.derby.impl.jdbc.EmbedDatabaseMetaData.prepareSPS(Unknown Source)
	at org.apache.derby.impl.jdbc.EmbedDatabaseMetaData.getPreparedQueryUsingSystemTables(Unknown Source)
	at org.apache.derby.impl.jdbc.EmbedDatabaseMetaData.getPreparedQuery(Unknown Source)
	at org.apache.derby.impl.jdbc.EmbedDatabaseMetaData.getPreparedQuery(Unknown Source)
	at org.apache.derby.impl.jdbc.EmbedDatabaseMetaData.getTypeInfoMinion(Unknown Source)
	at org.apache.derby.impl.jdbc.EmbedDatabaseMetaData.getTypeInfo(Unknown Source)
	at org.datanucleus.store.rdbms.schema.RDBMSSchemaHandler.getRDBMSTypesInfo(RDBMSSchemaHandler.java:358)
	at org.datanucleus.store.rdbms.schema.RDBMSSchemaHandler.getSchemaData(RDBMSSchemaHandler.java:166)
Cleanup action completed
